[0m21:40:43.108688 [debug] [MainThread]: Sending event: {'category': 'dbt', 'action': 'invocation', 'label': 'start', 'context': [<snowplow_tracker.self_describing_json.SelfDescribingJson object at 0x000001CE972741C0>, <snowplow_tracker.self_describing_json.SelfDescribingJson object at 0x000001CE97CEBE50>, <snowplow_tracker.self_describing_json.SelfDescribingJson object at 0x000001CE98242EC0>]}


============================== 21:40:43.386000 | 92502d9b-84bf-4053-a7e6-d6990b7a3252 ==============================
[0m21:40:43.386000 [info ] [MainThread]: Running with dbt=1.11.2
[0m21:40:43.388518 [debug] [MainThread]: running dbt with arguments {'static_parser': 'True', 'no_print': 'None', 'version_check': 'True', 'target_path': 'None', 'warn_error_options': 'WarnErrorOptionsV2(error=[], warn=[], silence=[])', 'printer_width': '80', 'write_json': 'True', 'introspect': 'True', 'log_cache_events': 'False', 'empty': 'None', 'cache_selected_only': 'False', 'fail_fast': 'False', 'debug': 'False', 'log_format': 'default', 'profiles_dir': 'C:\\Users\\phung\\.dbt', 'send_anonymous_usage_stats': 'True', 'quiet': 'False', 'warn_error': 'None', 'partial_parse': 'True', 'indirect_selection': 'eager', 'use_colors': 'True', 'invocation_command': 'dbt init', 'use_experimental_parser': 'False', 'log_path': 'logs'}
[0m21:40:44.103532 [info ] [MainThread]: Creating dbt configuration folder at C:\Users\phung\.dbt
[0m21:41:27.515613 [debug] [MainThread]: Starter project path: D:\Study_DE\DE-zoomcamp\.venv\lib\site-packages\dbt\include\starter_project
[0m21:41:27.643510 [info ] [MainThread]: 
Your new dbt project "taxi_rides_ny" was created!

For more information on how to configure the profiles.yml file,
please consult the dbt documentation here:

  https://docs.getdbt.com/docs/configure-your-profile

One more thing:

Need help? Don't hesitate to reach out to us via GitHub issues or on Slack:

  https://community.getdbt.com/

Happy modeling!

[0m21:41:27.643510 [info ] [MainThread]: Setting up your profile.
[0m21:41:38.275249 [info ] [MainThread]: Profile taxi_rides_ny written to C:\Users\phung\.dbt\profiles.yml using target's sample configuration. Once updated, you'll be able to start developing with dbt.
[0m21:41:38.275249 [debug] [MainThread]: Command `dbt init` succeeded at 21:41:38.275249 after 55.36 seconds
[0m21:41:38.283484 [debug] [MainThread]: Sending event: {'category': 'dbt', 'action': 'invocation', 'label': 'end', 'context': [<snowplow_tracker.self_describing_json.SelfDescribingJson object at 0x000001CE972741C0>, <snowplow_tracker.self_describing_json.SelfDescribingJson object at 0x000001CE978B1330>, <snowplow_tracker.self_describing_json.SelfDescribingJson object at 0x000001CE98378D90>]}
[0m21:41:38.283484 [debug] [MainThread]: Flushing usage events
[0m21:41:41.976047 [debug] [MainThread]: An error was encountered while trying to flush usage events
